<?xml version="1.0" encoding="UTF-8"?>
<!-- Generated by org.testng.reporters.JUnitReportReporter -->
<testsuite skipped="0" hostname="LAPTOP-RADHIKA" name="Test1" tests="3" failures="0" timestamp="07 Jun 2020 23:31:02 GMT" time="27.722" errors="0">
  <testcase name="sample3" time="8.858" classname="Test1"/>
  <testcase name="sample2" time="9.388" classname="Test1"/>
  <testcase name="sample1" time="9.476" classname="Test1"/>
</testsuite> <!-- Test1 -->
